<?xml version="1.0" encoding="UTF-8"?>
<!-- Generated by org.testng.reporters.JUnitReportReporter -->
<testsuite skipped="0" hostname="FACULTY-GF" name="testScripts.SmokeTest" tests="1" failures="0" timestamp="01 Nov 2021 02:59:15 GMT" time="4.758" errors="0">
  <testcase name="ST_001" time="4.758" classname="testScripts.SmokeTest"/>
</testsuite> <!-- testScripts.SmokeTest -->
